2023-04-03 14:34:45.622 INFO  r.q.service.HopDongKTXService - OKLA
2023-04-03 15:56:08.454 ERROR r.q.service.HopDongKTXService - Contract already exists
2023-04-03 15:57:53.073 ERROR r.q.service.HopDongKTXService - Contract already exists
2023-04-03 15:59:14.890 ERROR r.q.service.HopDongKTXService - Contract already exists
2023-04-03 16:01:44.841 ERROR r.q.service.HopDongKTXService - This time not allowed
2023-04-03 16:02:40.083 ERROR r.q.service.HopDongKTXService - This time not allowed
2023-04-03 16:03:29.004 ERROR r.q.service.HopDongKTXService - This time not allowed
2023-04-03 16:04:35.106 ERROR r.q.service.HopDongKTXService - This time not allowed
2023-04-03 16:41:12.125 ERROR r.q.service.HopDongKTXService - This time not allowed
2023-04-03 16:41:23.510 ERROR r.q.service.HopDongKTXService - This time not allowed
2023-04-04 12:42:32.150 INFO  r.q.service.HopDongKTXService - check Room And Bed
2023-04-04 12:42:57.751 INFO  r.q.service.HopDongKTXService - check Room And Bed
2023-04-04 12:43:12.271 INFO  r.q.service.HopDongKTXService - check Room And Bed
2023-04-04 12:43:21.087 INFO  r.q.service.HopDongKTXService - check Room And Bed
2023-04-05 13:55:35.168 ERROR r.q.service.HopDongKTXService - This time not allowed
2023-04-05 13:57:38.945 ERROR r.q.service.HopDongKTXService - This time not allowed
2023-04-05 14:00:15.896 INFO  r.q.service.HopDongKTXService - check Room And Bed
2023-04-05 14:02:18.722 INFO  r.q.service.HopDongKTXService - check Room And Bed
2023-04-05 14:11:02.438 INFO  r.q.service.HopDongKTXService - check Room And Bed
2023-04-08 15:49:25.834 INFO  r.q.service.HopDongKTXService - Get View Before Create Contract - HopDongKTX(id=null, idPhongKTX=1, MSSV=n19dccn018, ngayLamDon=Sat Apr 08 15:49:25 ICT 2023, tongTien=null, trangThai=false, idTerm=2, phongKTX=null, student=null, term=null)
2023-04-08 16:45:55.595 INFO  r.q.service.HopDongKTXService - Get View Before Create Contract - HopDongKTX(id=null, idPhongKTX=1, MSSV=n19dccn039, ngayLamDon=Sat Apr 08 16:45:55 ICT 2023, tongTien=null, trangThai=false, idTerm=2, phongKTX=null, student=null, term=null)
2023-04-08 16:51:47.877 INFO  r.q.service.HopDongKTXService - Get View Before Create Contract - HopDongKTX(id=null, idPhongKTX=1, MSSV=n19dccn039, ngayLamDon=Sat Apr 08 16:51:47 ICT 2023, tongTien=null, trangThai=false, idTerm=2, phongKTX=null, student=null, term=null)
2023-04-08 16:53:30.126 INFO  r.q.service.HopDongKTXService - Get View Before Create Contract - HopDongKTX(id=null, idPhongKTX=1, MSSV=n19dccn039, ngayLamDon=Sat Apr 08 16:53:30 ICT 2023, tongTien=null, trangThai=false, idTerm=2, phongKTX=null, student=null, term=null)
2023-04-08 16:54:58.644 INFO  r.q.service.HopDongKTXService - Get View Before Create Contract - HopDongKTX(id=null, idPhongKTX=1, MSSV=n19dccn039, ngayLamDon=Sat Apr 08 16:54:58 ICT 2023, tongTien=null, trangThai=false, idTerm=2, phongKTX=null, student=null, term=null)
2023-04-08 16:57:25.600 INFO  r.q.service.HopDongKTXService - Get View Before Create Contract - HopDongKTX(id=null, idPhongKTX=1, MSSV=n19dccn039, ngayLamDon=Sat Apr 08 16:57:25 ICT 2023, tongTien=null, trangThai=false, idTerm=2, phongKTX=null, student=null, term=null)
2023-04-08 16:58:33.702 INFO  r.q.service.HopDongKTXService - Get View Before Create Contract - HopDongKTX(id=null, idPhongKTX=1, MSSV=n19dccn039, ngayLamDon=Sat Apr 08 16:58:33 ICT 2023, tongTien=null, trangThai=false, idTerm=2, phongKTX=null, student=null, term=null)
2023-04-08 16:59:46.772 INFO  r.q.service.HopDongKTXService - Get View Before Create Contract - HopDongKTX(id=null, idPhongKTX=1, MSSV=n19dccn039, ngayLamDon=Sat Apr 08 16:59:46 ICT 2023, tongTien=6000.0, trangThai=false, idTerm=2, phongKTX=null, student=null, term=null)
2023-04-08 17:19:56.471 INFO  r.q.service.HopDongKTXService - Get View Before Create Contract - HopDongKTX(id=null, idPhongKTX=1, MSSV=n19dccn039, ngayLamDon=Sat Apr 08 17:19:56 ICT 2023, tongTien=6000.0, trangThai=false, idTerm=2, phongKTX=null, student=null, term=null)
2023-04-08 17:19:56.613 INFO  r.q.service.HopDongKTXService - Get View Before Create Contract - HopDongKTX(id=null, idPhongKTX=1, MSSV=n19dccn039, ngayLamDon=Sat Apr 08 17:19:56 ICT 2023, tongTien=6000.0, trangThai=false, idTerm=2, phongKTX=null, student=null, term=null)
2023-04-08 17:20:58.381 INFO  r.q.service.HopDongKTXService - Get View Before Create Contract - HopDongKTX(id=null, idPhongKTX=1, MSSV=n19dccn039, ngayLamDon=Sat Apr 08 17:20:58 ICT 2023, tongTien=6000.0, trangThai=false, idTerm=2, phongKTX=null, student=null, term=null)
2023-04-08 17:20:58.916 INFO  r.q.service.HopDongKTXService - Get View Before Create Contract - HopDongKTX(id=null, idPhongKTX=1, MSSV=n19dccn039, ngayLamDon=Sat Apr 08 17:20:58 ICT 2023, tongTien=6000.0, trangThai=false, idTerm=2, phongKTX=null, student=null, term=null)
2023-04-08 17:27:28.642 INFO  r.q.service.HopDongKTXService - Get View Before Create Contract - HopDongKTX(id=null, idPhongKTX=1, MSSV=n19dccn039, ngayLamDon=Sat Apr 08 17:27:28 ICT 2023, tongTien=6000.0, trangThai=false, idTerm=2, phongKTX=null, student=null, term=null)
2023-04-08 17:30:10.146 INFO  r.q.service.HopDongKTXService - Get View Before Create Contract - HopDongKTX(id=null, idPhongKTX=1, MSSV=n19dccn039, ngayLamDon=Sat Apr 08 17:30:10 ICT 2023, tongTien=6000.0, trangThai=false, idTerm=2, phongKTX=null, student=null, term=null)
2023-04-08 17:35:01.199 INFO  r.q.service.HopDongKTXService - Get View Before Create Contract - HopDongKTX(id=null, idPhongKTX=1, MSSV=n19dccn039, ngayLamDon=Sat Apr 08 17:35:01 ICT 2023, tongTien=6000.0, trangThai=false, idTerm=2, phongKTX=null, student=null, term=null)
2023-04-08 17:35:01.215 INFO  r.q.service.HopDongKTXService - Get View Before Create Contract - HopDongKTX(id=null, idPhongKTX=1, MSSV=n19dccn039, ngayLamDon=Sat Apr 08 17:35:01 ICT 2023, tongTien=6000.0, trangThai=false, idTerm=2, phongKTX=null, student=null, term=null)
2023-04-08 17:35:35.363 INFO  r.q.service.HopDongKTXService - Get View Before Create Contract - HopDongKTX(id=null, idPhongKTX=1, MSSV=n19dccn039, ngayLamDon=Sat Apr 08 17:35:35 ICT 2023, tongTien=6000.0, trangThai=false, idTerm=2, phongKTX=null, student=null, term=null)
2023-04-08 17:56:02.339 INFO  r.q.service.HopDongKTXService - Get View Before Create Contract - HopDongKTX(id=null, idPhongKTX=1, MSSV=n19dccn039, ngayLamDon=Sat Apr 08 17:56:01 ICT 2023, tongTien=6000.0, trangThai=false, idTerm=2, phongKTX=null, student=null, term=null)
2023-04-08 17:56:02.778 INFO  r.q.service.HopDongKTXService - Get View Before Create Contract - HopDongKTX(id=null, idPhongKTX=1, MSSV=n19dccn039, ngayLamDon=Sat Apr 08 17:56:02 ICT 2023, tongTien=6000.0, trangThai=false, idTerm=2, phongKTX=null, student=null, term=null)
2023-04-08 17:56:03.246 INFO  r.q.service.HopDongKTXService - Get View Before Create Contract - HopDongKTX(id=null, idPhongKTX=1, MSSV=n19dccn039, ngayLamDon=Sat Apr 08 17:56:03 ICT 2023, tongTien=6000.0, trangThai=false, idTerm=2, phongKTX=null, student=null, term=null)
2023-04-08 17:56:03.736 INFO  r.q.service.HopDongKTXService - Get View Before Create Contract - HopDongKTX(id=null, idPhongKTX=1, MSSV=n19dccn039, ngayLamDon=Sat Apr 08 17:56:03 ICT 2023, tongTien=6000.0, trangThai=false, idTerm=2, phongKTX=null, student=null, term=null)
2023-04-08 22:47:40.565 INFO  r.q.service.HopDongKTXService - Get View Before Create Contract - HopDongKTX(id=null, idPhongKTX=1, MSSV=n19dccn039, ngayLamDon=Sat Apr 08 22:47:40 ICT 2023, tongTien=6000.0, trangThai=false, idTerm=2, phongKTX=null, student=null, term=null)
2023-04-08 22:53:09.697 INFO  r.q.service.HopDongKTXService - Get View Before Create Contract - HopDongKTX(id=null, idPhongKTX=1, MSSV=n19dccn039, ngayLamDon=Sat Apr 08 22:53:09 ICT 2023, tongTien=6000.0, trangThai=false, idTerm=2, phongKTX=null, student=null, term=null)
2023-04-08 22:56:48.469 INFO  r.q.service.HopDongKTXService - Get View Before Create Contract - HopDongKTX(id=null, idPhongKTX=3, MSSV=n19dccn039, ngayLamDon=Sat Apr 08 22:56:48 ICT 2023, tongTien=6000.0, trangThai=false, idTerm=2, phongKTX=null, student=null, term=null)
2023-04-08 22:56:48.470 INFO  r.q.service.HopDongKTXService - Get View Before Create Contract - HopDongKTX(id=null, idPhongKTX=1, MSSV=n19dccn039, ngayLamDon=Sat Apr 08 22:56:48 ICT 2023, tongTien=6000.0, trangThai=false, idTerm=2, phongKTX=null, student=null, term=null)
2023-04-08 22:56:48.477 INFO  r.q.service.HopDongKTXService - Get View Before Create Contract - HopDongKTX(id=null, idPhongKTX=2, MSSV=n19dccn039, ngayLamDon=Sat Apr 08 22:56:48 ICT 2023, tongTien=6000.0, trangThai=false, idTerm=2, phongKTX=null, student=null, term=null)
2023-04-08 22:56:48.492 INFO  r.q.service.HopDongKTXService - Get View Before Create Contract - HopDongKTX(id=null, idPhongKTX=4, MSSV=n19dccn039, ngayLamDon=Sat Apr 08 22:56:48 ICT 2023, tongTien=6000.0, trangThai=false, idTerm=2, phongKTX=null, student=null, term=null)
2023-04-08 22:56:48.548 INFO  r.q.service.HopDongKTXService - Get View Before Create Contract - HopDongKTX(id=null, idPhongKTX=5, MSSV=n19dccn039, ngayLamDon=Sat Apr 08 22:56:48 ICT 2023, tongTien=6000.0, trangThai=false, idTerm=2, phongKTX=null, student=null, term=null)
2023-04-08 22:56:48.601 INFO  r.q.service.HopDongKTXService - Get View Before Create Contract - HopDongKTX(id=null, idPhongKTX=6, MSSV=n19dccn039, ngayLamDon=Sat Apr 08 22:56:48 ICT 2023, tongTien=6000.0, trangThai=false, idTerm=2, phongKTX=null, student=null, term=null)
2023-04-08 22:56:48.657 INFO  r.q.service.HopDongKTXService - Get View Before Create Contract - HopDongKTX(id=null, idPhongKTX=7, MSSV=n19dccn039, ngayLamDon=Sat Apr 08 22:56:48 ICT 2023, tongTien=6000.0, trangThai=false, idTerm=2, phongKTX=null, student=null, term=null)
2023-04-08 22:56:48.678 INFO  r.q.service.HopDongKTXService - Get View Before Create Contract - HopDongKTX(id=null, idPhongKTX=3, MSSV=n19dccn039, ngayLamDon=Sat Apr 08 22:56:48 ICT 2023, tongTien=6000.0, trangThai=false, idTerm=2, phongKTX=null, student=null, term=null)
2023-04-08 22:56:48.683 INFO  r.q.service.HopDongKTXService - Get View Before Create Contract - HopDongKTX(id=null, idPhongKTX=8, MSSV=n19dccn039, ngayLamDon=Sat Apr 08 22:56:48 ICT 2023, tongTien=6000.0, trangThai=false, idTerm=2, phongKTX=null, student=null, term=null)
2023-04-08 22:56:48.699 INFO  r.q.service.HopDongKTXService - Get View Before Create Contract - HopDongKTX(id=null, idPhongKTX=9, MSSV=n19dccn039, ngayLamDon=Sat Apr 08 22:56:48 ICT 2023, tongTien=6000.0, trangThai=false, idTerm=2, phongKTX=null, student=null, term=null)
2023-04-08 22:56:48.720 INFO  r.q.service.HopDongKTXService - Get View Before Create Contract - HopDongKTX(id=null, idPhongKTX=1, MSSV=n19dccn039, ngayLamDon=Sat Apr 08 22:56:48 ICT 2023, tongTien=6000.0, trangThai=false, idTerm=2, phongKTX=null, student=null, term=null)
2023-04-08 22:56:48.731 INFO  r.q.service.HopDongKTXService - Get View Before Create Contract - HopDongKTX(id=null, idPhongKTX=2, MSSV=n19dccn039, ngayLamDon=Sat Apr 08 22:56:48 ICT 2023, tongTien=6000.0, trangThai=false, idTerm=2, phongKTX=null, student=null, term=null)
2023-04-08 22:56:48.754 INFO  r.q.service.HopDongKTXService - Get View Before Create Contract - HopDongKTX(id=null, idPhongKTX=4, MSSV=n19dccn039, ngayLamDon=Sat Apr 08 22:56:48 ICT 2023, tongTien=6000.0, trangThai=false, idTerm=2, phongKTX=null, student=null, term=null)
2023-04-08 22:56:48.808 INFO  r.q.service.HopDongKTXService - Get View Before Create Contract - HopDongKTX(id=null, idPhongKTX=6, MSSV=n19dccn039, ngayLamDon=Sat Apr 08 22:56:48 ICT 2023, tongTien=6000.0, trangThai=false, idTerm=2, phongKTX=null, student=null, term=null)
2023-04-08 22:56:48.811 INFO  r.q.service.HopDongKTXService - Get View Before Create Contract - HopDongKTX(id=null, idPhongKTX=10, MSSV=n19dccn039, ngayLamDon=Sat Apr 08 22:56:48 ICT 2023, tongTien=6000.0, trangThai=false, idTerm=2, phongKTX=null, student=null, term=null)
2023-04-08 22:56:48.837 INFO  r.q.service.HopDongKTXService - Get View Before Create Contract - HopDongKTX(id=null, idPhongKTX=5, MSSV=n19dccn039, ngayLamDon=Sat Apr 08 22:56:48 ICT 2023, tongTien=6000.0, trangThai=false, idTerm=2, phongKTX=null, student=null, term=null)
2023-04-08 22:56:48.842 INFO  r.q.service.HopDongKTXService - Get View Before Create Contract - HopDongKTX(id=null, idPhongKTX=7, MSSV=n19dccn039, ngayLamDon=Sat Apr 08 22:56:48 ICT 2023, tongTien=6000.0, trangThai=false, idTerm=2, phongKTX=null, student=null, term=null)
2023-04-08 22:56:48.861 INFO  r.q.service.HopDongKTXService - Get View Before Create Contract - HopDongKTX(id=null, idPhongKTX=8, MSSV=n19dccn039, ngayLamDon=Sat Apr 08 22:56:48 ICT 2023, tongTien=6000.0, trangThai=false, idTerm=2, phongKTX=null, student=null, term=null)
2023-04-08 22:56:48.869 INFO  r.q.service.HopDongKTXService - Get View Before Create Contract - HopDongKTX(id=null, idPhongKTX=9, MSSV=n19dccn039, ngayLamDon=Sat Apr 08 22:56:48 ICT 2023, tongTien=6000.0, trangThai=false, idTerm=2, phongKTX=null, student=null, term=null)
2023-04-08 22:56:48.877 INFO  r.q.service.HopDongKTXService - Get View Before Create Contract - HopDongKTX(id=null, idPhongKTX=10, MSSV=n19dccn039, ngayLamDon=Sat Apr 08 22:56:48 ICT 2023, tongTien=6000.0, trangThai=false, idTerm=2, phongKTX=null, student=null, term=null)
2023-04-08 22:57:23.349 INFO  r.q.service.HopDongKTXService - Get View Before Create Contract - HopDongKTX(id=null, idPhongKTX=1, MSSV=n19dccn039, ngayLamDon=Sat Apr 08 22:57:23 ICT 2023, tongTien=6000.0, trangThai=false, idTerm=2, phongKTX=null, student=null, term=null)
2023-04-08 22:58:27.789 INFO  r.q.service.HopDongKTXService - Get View Before Create Contract - HopDongKTX(id=null, idPhongKTX=1, MSSV=n19dccn039, ngayLamDon=Sat Apr 08 22:58:27 ICT 2023, tongTien=6000.0, trangThai=false, idTerm=2, phongKTX=null, student=null, term=null)
2023-04-08 22:58:46.231 INFO  r.q.service.HopDongKTXService - Get View Before Create Contract - HopDongKTX(id=null, idPhongKTX=1, MSSV=n19dccn039, ngayLamDon=Sat Apr 08 22:58:46 ICT 2023, tongTien=6000.0, trangThai=false, idTerm=2, phongKTX=null, student=null, term=null)
2023-04-08 23:00:23.967 INFO  r.q.service.HopDongKTXService - Get View Before Create Contract - HopDongKTX(id=null, idPhongKTX=1, MSSV=n19dccn039, ngayLamDon=Sat Apr 08 23:00:23 ICT 2023, tongTien=6000.0, trangThai=false, idTerm=2, phongKTX=null, student=null, term=null)
2023-04-08 23:01:14.662 INFO  r.q.service.HopDongKTXService - Get View Before Create Contract - HopDongKTX(id=null, idPhongKTX=1, MSSV=n19dccn039, ngayLamDon=Sat Apr 08 23:01:14 ICT 2023, tongTien=6000.0, trangThai=false, idTerm=2, phongKTX=null, student=null, term=null)
2023-04-08 23:01:32.936 INFO  r.q.service.HopDongKTXService - Get View Before Create Contract - HopDongKTX(id=null, idPhongKTX=1, MSSV=n19dccn039, ngayLamDon=Sat Apr 08 23:01:32 ICT 2023, tongTien=6000.0, trangThai=false, idTerm=2, phongKTX=null, student=null, term=null)
2023-04-08 23:02:04.824 INFO  r.q.service.HopDongKTXService - Get View Before Create Contract - HopDongKTX(id=null, idPhongKTX=1, MSSV=n19dccn039, ngayLamDon=Sat Apr 08 23:02:04 ICT 2023, tongTien=6000.0, trangThai=false, idTerm=2, phongKTX=null, student=null, term=null)
2023-04-08 23:02:30.370 INFO  r.q.service.HopDongKTXService - Get View Before Create Contract - HopDongKTX(id=null, idPhongKTX=1, MSSV=n19dccn039, ngayLamDon=Sat Apr 08 23:02:30 ICT 2023, tongTien=6000.0, trangThai=false, idTerm=2, phongKTX=null, student=null, term=null)
2023-04-08 23:09:50.374 INFO  r.q.service.HopDongKTXService - Get View Before Create Contract - HopDongKTX(id=null, idPhongKTX=1, MSSV=n19dccn039, ngayLamDon=Sat Apr 08 23:09:50 ICT 2023, tongTien=6000.0, trangThai=false, idTerm=2, phongKTX=null, student=null, term=null)
2023-04-08 23:13:08.828 INFO  r.q.service.HopDongKTXService - Get View Before Create Contract - HopDongKTX(id=null, idPhongKTX=1, MSSV=n19dccn039, ngayLamDon=Sat Apr 08 23:13:08 ICT 2023, tongTien=6000.0, trangThai=false, idTerm=2, phongKTX=null, student=null, term=null)
2023-04-08 23:13:26.033 INFO  r.q.service.HopDongKTXService - Get View Before Create Contract - HopDongKTX(id=null, idPhongKTX=1, MSSV=n19dccn039, ngayLamDon=Sat Apr 08 23:13:25 ICT 2023, tongTien=6000.0, trangThai=false, idTerm=2, phongKTX=null, student=null, term=null)
2023-04-08 23:13:29.835 INFO  r.q.service.HopDongKTXService - Get View Before Create Contract - HopDongKTX(id=null, idPhongKTX=4, MSSV=n19dccn039, ngayLamDon=Sat Apr 08 23:13:29 ICT 2023, tongTien=6000.0, trangThai=false, idTerm=2, phongKTX=null, student=null, term=null)
2023-04-08 23:13:35.167 INFO  r.q.service.HopDongKTXService - Get View Before Create Contract - HopDongKTX(id=null, idPhongKTX=18, MSSV=n19dccn039, ngayLamDon=Sat Apr 08 23:13:35 ICT 2023, tongTien=9000.0, trangThai=false, idTerm=2, phongKTX=null, student=null, term=null)
2023-04-08 23:16:01.572 INFO  r.q.service.HopDongKTXService - Get View Before Create Contract - HopDongKTX(id=null, idPhongKTX=1, MSSV=n19dccn039, ngayLamDon=Sat Apr 08 23:16:01 ICT 2023, tongTien=6000.0, trangThai=false, idTerm=2, phongKTX=null, student=null, term=null)
2023-04-08 23:16:06.018 INFO  r.q.service.HopDongKTXService - Get View Before Create Contract - HopDongKTX(id=null, idPhongKTX=12, MSSV=n19dccn039, ngayLamDon=Sat Apr 08 23:16:06 ICT 2023, tongTien=7200.0, trangThai=false, idTerm=2, phongKTX=null, student=null, term=null)
2023-04-08 23:56:29.659 INFO  r.q.service.HopDongKTXService - Get View Before Create Contract - HopDongKTX(id=null, idPhongKTX=1, MSSV=n19dccn039, ngayLamDon=Sat Apr 08 23:56:29 ICT 2023, tongTien=6000.0, trangThai=false, idTerm=2, phongKTX=null, student=null, term=null)
2023-04-08 23:56:40.150 INFO  r.q.service.HopDongKTXService - Get View Before Create Contract - HopDongKTX(id=null, idPhongKTX=1, MSSV=n19dccn039, ngayLamDon=Sat Apr 08 23:56:40 ICT 2023, tongTien=6000.0, trangThai=false, idTerm=2, phongKTX=null, student=null, term=null)
2023-04-09 13:24:33.878 INFO  r.q.service.HopDongKTXService - check Room And Bed
2023-04-09 14:01:55.874 ERROR r.q.service.HopDongKTXService - Contract not found
2023-04-09 14:09:54.261 ERROR r.q.service.HopDongKTXService - Is not authenticated
2023-04-09 14:10:25.835 ERROR r.q.service.HopDongKTXService - Is not authenticated
2023-04-09 14:25:44.214 INFO  r.q.service.HopDongKTXService - Get View Before Create Contract - HopDongKTX(id=null, idPhongKTX=1, MSSV=n19dccn039, ngayLamDon=Sun Apr 09 14:25:44 ICT 2023, tongTien=6000.0, trangThai=false, idTerm=2, phongKTX=null, student=null, term=null)
2023-04-09 14:27:34.746 INFO  r.q.service.HopDongKTXService - check Room And Bed
2023-04-09 14:28:40.039 INFO  r.q.service.HopDongKTXService - Get View Before Create Contract - HopDongKTX(id=null, idPhongKTX=2, MSSV=n19dccn039, ngayLamDon=Sun Apr 09 14:28:40 ICT 2023, tongTien=6000.0, trangThai=false, idTerm=2, phongKTX=null, student=null, term=null)
2023-04-09 14:46:14.940 INFO  r.q.service.HopDongKTXService - Get View Before Create Contract - HopDongKTX(id=null, idPhongKTX=1, MSSV=n19dccn039, ngayLamDon=Sun Apr 09 14:46:14 ICT 2023, tongTien=6000.0, trangThai=false, idTerm=2, phongKTX=null, student=null, term=null)
2023-04-09 14:46:18.946 INFO  r.q.service.HopDongKTXService - Get View Before Create Contract - HopDongKTX(id=null, idPhongKTX=2, MSSV=n19dccn039, ngayLamDon=Sun Apr 09 14:46:18 ICT 2023, tongTien=6000.0, trangThai=false, idTerm=2, phongKTX=null, student=null, term=null)
2023-04-09 14:46:22.439 INFO  r.q.service.HopDongKTXService - Get View Before Create Contract - HopDongKTX(id=null, idPhongKTX=3, MSSV=n19dccn039, ngayLamDon=Sun Apr 09 14:46:22 ICT 2023, tongTien=6000.0, trangThai=false, idTerm=2, phongKTX=null, student=null, term=null)
2023-04-09 14:46:29.974 INFO  r.q.service.HopDongKTXService - Get View Before Create Contract - HopDongKTX(id=null, idPhongKTX=18, MSSV=n19dccn039, ngayLamDon=Sun Apr 09 14:46:29 ICT 2023, tongTien=9000.0, trangThai=false, idTerm=2, phongKTX=null, student=null, term=null)
2023-04-09 14:52:20.836 INFO  r.q.service.HopDongKTXService - Get View Before Create Contract - HopDongKTX(id=null, idPhongKTX=1, MSSV=n19dccn039, ngayLamDon=Sun Apr 09 14:52:20 ICT 2023, tongTien=6000.0, trangThai=false, idTerm=2, phongKTX=null, student=null, term=null)
2023-04-09 14:52:30.487 INFO  r.q.service.HopDongKTXService - Get View Before Create Contract - HopDongKTX(id=null, idPhongKTX=1, MSSV=n19dccn039, ngayLamDon=Sun Apr 09 14:52:30 ICT 2023, tongTien=6000.0, trangThai=false, idTerm=2, phongKTX=null, student=null, term=null)
2023-04-09 14:54:45.938 INFO  r.q.service.HopDongKTXService - Get View Before Create Contract - HopDongKTX(id=null, idPhongKTX=1, MSSV=n19dccn039, ngayLamDon=Sun Apr 09 14:54:45 ICT 2023, tongTien=6000.0, trangThai=false, idTerm=2, phongKTX=null, student=null, term=null)
2023-04-09 14:55:52.432 INFO  r.q.service.HopDongKTXService - Get View Before Create Contract - HopDongKTX(id=null, idPhongKTX=1, MSSV=n19dccn039, ngayLamDon=Sun Apr 09 14:55:52 ICT 2023, tongTien=6000.0, trangThai=false, idTerm=2, phongKTX=null, student=null, term=null)
2023-04-09 15:02:40.463 INFO  r.q.service.HopDongKTXService - check Room And Bed
2023-04-09 15:03:18.322 INFO  r.q.service.HopDongKTXService - Get View Before Create Contract - HopDongKTX(id=null, idPhongKTX=1, MSSV=n19dccn039, ngayLamDon=Sun Apr 09 15:03:18 ICT 2023, tongTien=6000.0, trangThai=false, idTerm=2, phongKTX=null, student=null, term=null)
2023-04-09 15:03:24.338 ERROR r.q.service.HopDongKTXService - Contract already exists
2023-04-09 15:03:31.156 ERROR r.q.service.HopDongKTXService - Contract already exists
2023-04-09 15:04:16.835 INFO  r.q.service.HopDongKTXService - Get View Before Create Contract - HopDongKTX(id=null, idPhongKTX=1, MSSV=n19dccn039, ngayLamDon=Sun Apr 09 15:04:16 ICT 2023, tongTien=6000.0, trangThai=false, idTerm=2, phongKTX=null, student=null, term=null)
2023-04-09 15:04:19.780 INFO  r.q.service.HopDongKTXService - check Room And Bed
2023-04-09 15:13:33.467 INFO  r.q.service.HopDongKTXService - Get View Before Create Contract - HopDongKTX(id=null, idPhongKTX=1, MSSV=n19dccn039, ngayLamDon=Sun Apr 09 15:13:33 ICT 2023, tongTien=6000.0, trangThai=false, idTerm=2, phongKTX=null, student=null, term=null)
2023-04-09 15:13:37.251 ERROR r.q.service.HopDongKTXService - Contract already exists
2023-04-09 15:13:43.990 INFO  r.q.service.HopDongKTXService - Get View Before Create Contract - HopDongKTX(id=null, idPhongKTX=1, MSSV=n19dccn039, ngayLamDon=Sun Apr 09 15:13:43 ICT 2023, tongTien=6000.0, trangThai=false, idTerm=2, phongKTX=null, student=null, term=null)
2023-04-09 15:13:46.855 ERROR r.q.service.HopDongKTXService - Contract already exists
2023-04-09 16:01:27.486 INFO  r.q.service.HopDongKTXService - Get View Before Create Contract - HopDongKTX(id=null, idPhongKTX=1, MSSV=n19dccn039, ngayLamDon=Sun Apr 09 16:01:27 ICT 2023, tongTien=6000.0, trangThai=false, idTerm=2, phongKTX=null, student=null, term=null)
2023-04-09 16:08:08.027 INFO  r.q.service.HopDongKTXService - Get View Before Create Contract - HopDongKTX(id=null, idPhongKTX=1, MSSV=n19dccn039, ngayLamDon=Sun Apr 09 16:08:07 ICT 2023, tongTien=6000.0, trangThai=false, idTerm=2, phongKTX=null, student=null, term=null)
2023-04-09 16:11:40.539 INFO  r.q.service.HopDongKTXService - Get View Before Create Contract - HopDongKTX(id=null, idPhongKTX=1, MSSV=n19dccn039, ngayLamDon=Sun Apr 09 16:11:40 ICT 2023, tongTien=6000.0, trangThai=false, idTerm=2, phongKTX=null, student=null, term=null)
2023-04-09 16:12:37.920 INFO  r.q.service.HopDongKTXService - Get View Before Create Contract - HopDongKTX(id=null, idPhongKTX=1, MSSV=n19dccn039, ngayLamDon=Sun Apr 09 16:12:37 ICT 2023, tongTien=6000.0, trangThai=false, idTerm=2, phongKTX=null, student=null, term=null)
2023-04-09 16:15:31.061 INFO  r.q.service.HopDongKTXService - Get View Before Create Contract - HopDongKTX(id=null, idPhongKTX=2, MSSV=n19dccn039, ngayLamDon=Sun Apr 09 16:15:31 ICT 2023, tongTien=6000.0, trangThai=false, idTerm=2, phongKTX=null, student=null, term=null)
2023-04-09 16:16:14.814 INFO  r.q.service.HopDongKTXService - Get View Before Create Contract - HopDongKTX(id=null, idPhongKTX=2, MSSV=n19dccn039, ngayLamDon=Sun Apr 09 16:16:14 ICT 2023, tongTien=6000.0, trangThai=false, idTerm=2, phongKTX=null, student=null, term=null)
2023-04-09 19:20:40.037 INFO  r.q.service.HopDongKTXService - Get View Before Create Contract - HopDongKTX(id=null, idPhongKTX=1, MSSV=n19dccn039, ngayLamDon=Sun Apr 09 19:20:40 ICT 2023, tongTien=6000.0, trangThai=false, idTerm=2, phongKTX=null, student=null, term=null)
2023-04-09 19:21:21.900 INFO  r.q.service.HopDongKTXService - Get View Before Create Contract - HopDongKTX(id=null, idPhongKTX=1, MSSV=n19dccn039, ngayLamDon=Sun Apr 09 19:21:21 ICT 2023, tongTien=6000.0, trangThai=false, idTerm=2, phongKTX=null, student=null, term=null)
2023-04-09 19:21:37.381 INFO  r.q.service.HopDongKTXService - Get View Before Create Contract - HopDongKTX(id=null, idPhongKTX=1, MSSV=n19dccn039, ngayLamDon=Sun Apr 09 19:21:37 ICT 2023, tongTien=6000.0, trangThai=false, idTerm=2, phongKTX=null, student=null, term=null)
2023-04-10 00:08:02.063 INFO  r.q.service.HopDongKTXService - Get View Before Create Contract - HopDongKTX(id=null, idPhongKTX=1, MSSV=n19dccn039, ngayLamDon=Mon Apr 10 00:08:01 ICT 2023, tongTien=6000.0, trangThai=false, idTerm=2, phongKTX=null, student=null, term=null)
